This is pdfTeX, Version 3.141592653-2.6-1.40.25 (TeX Live 2023) (preloaded format=pdflatex 2023.7.5)  5 JUL 2023 16:53
entering extended mode
 restricted \write18 enabled.
 file:line:error style messages enabled.
 %&-line parsing enabled.
**/Users/chiaraciscato/Desktop/geomar/geomarcode/thesis_report/main
(/Users/chiaraciscato/Desktop/geomar/geomarcode/thesis_report/main.tex
LaTeX2e <2022-11-01> patch level 1
L3 programming layer <2023-02-22> (/usr/local/texlive/2023basic/texmf-dist/tex/latex/base/report.cls
Document Class: report 2022/07/02 v1.4n Standard LaTeX document class
(/usr/local/texlive/2023basic/texmf-dist/tex/latex/base/size12.clo
File: size12.clo 2022/07/02 v1.4n Standard LaTeX file (size option)
)
\c@part=\count185
\c@chapter=\count186
\c@section=\count187
\c@subsection=\count188
\c@subsubsection=\count189
\c@paragraph=\count190
\c@subparagraph=\count191
\c@figure=\count192
\c@table=\count193
\abovecaptionskip=\skip48
\belowcaptionskip=\skip49
\bibindent=\dimen140
) (/usr/local/texlive/2023basic/texmf-dist/tex/latex/enumitem/enumitem.sty
Package: enumitem 2019/06/20 v3.9 Customized lists
\enitkv@toks@=\toks16
\labelindent=\skip50
\enit@outerparindent=\dimen141
\enit@toks=\toks17
\enit@inbox=\box51
\enit@count@id=\count194
\enitdp@description=\count195
) (/usr/local/texlive/2023basic/texmf-dist/tex/latex/graphics/graphicx.sty
Package: graphicx 2021/09/16 v1.2d Enhanced LaTeX Graphics (DPC,SPQR)
 (/usr/local/texlive/2023basic/texmf-dist/tex/latex/graphics/keyval.sty
Package: keyval 2022/05/29 v1.15 key=value parser (DPC)
\KV@toks@=\toks18
) (/usr/local/texlive/2023basic/texmf-dist/tex/latex/graphics/graphics.sty
Package: graphics 2022/03/10 v1.4e Standard LaTeX Graphics (DPC,SPQR)
 (/usr/local/texlive/2023basic/texmf-dist/tex/latex/graphics/trig.sty
Package: trig 2021/08/11 v1.11 sin cos tan (DPC)
) (/usr/local/texlive/2023basic/texmf-dist/tex/latex/graphics-cfg/graphics.cfg
File: graphics.cfg 2016/06/04 v1.11 sample graphics configuration
)
Package graphics Info: Driver file: pdftex.def on input line 107.
 (/usr/local/texlive/2023basic/texmf-dist/tex/latex/graphics-def/pdftex.def
File: pdftex.def 2022/09/22 v1.2b Graphics/color driver for pdftex
))
\Gin@req@height=\dimen142
\Gin@req@width=\dimen143
) (/usr/local/texlive/2023basic/texmf-dist/tex/latex/float/float.sty
Package: float 2001/11/08 v1.3d Float enhancements (AL)
\c@float@type=\count196
\float@exts=\toks19
\float@box=\box52
\@float@everytoks=\toks20
\@floatcapt=\box53
) (/usr/local/texlive/2023basic/texmf-dist/tex/latex/xcolor/xcolor.sty
Package: xcolor 2022/06/12 v2.14 LaTeX color extensions (UK)
 (/usr/local/texlive/2023basic/texmf-dist/tex/latex/graphics-cfg/color.cfg
File: color.cfg 2016/01/02 v1.6 sample color configuration
)
Package xcolor Info: Driver file: pdftex.def on input line 227.
 (/usr/local/texlive/2023basic/texmf-dist/tex/latex/graphics/mathcolor.ltx)
Package xcolor Info: Model `cmy' substituted by `cmy0' on input line 1353.
Package xcolor Info: Model `hsb' substituted by `rgb' on input line 1357.
Package xcolor Info: Model `RGB' extended on input line 1369.
Package xcolor Info: Model `HTML' substituted by `rgb' on input line 1371.
Package xcolor Info: Model `Hsb' substituted by `hsb' on input line 1372.
Package xcolor Info: Model `tHsb' substituted by `hsb' on input line 1373.
Package xcolor Info: Model `HSB' substituted by `hsb' on input line 1374.
Package xcolor Info: Model `Gray' substituted by `gray' on input line 1375.
Package xcolor Info: Model `wave' substituted by `hsb' on input line 1376.
) (/usr/local/texlive/2023basic/texmf-dist/tex/latex/cancel/cancel.sty
Package: cancel 2013/04/12 v2.2 Cancel math terms
) (/usr/local/texlive/2023basic/texmf-dist/tex/latex/amsmath/amsmath.sty
Package: amsmath 2022/04/08 v2.17n AMS math features
\@mathmargin=\skip51

For additional information on amsmath, use the `?' option.
(/usr/local/texlive/2023basic/texmf-dist/tex/latex/amsmath/amstext.sty
Package: amstext 2021/08/26 v2.01 AMS text
 (/usr/local/texlive/2023basic/texmf-dist/tex/latex/amsmath/amsgen.sty
File: amsgen.sty 1999/11/30 v2.0 generic functions
\@emptytoks=\toks21
\ex@=\dimen144
)) (/usr/local/texlive/2023basic/texmf-dist/tex/latex/amsmath/amsbsy.sty
Package: amsbsy 1999/11/29 v1.2d Bold Symbols
\pmbraise@=\dimen145
) (/usr/local/texlive/2023basic/texmf-dist/tex/latex/amsmath/amsopn.sty
Package: amsopn 2022/04/08 v2.04 operator names
)
\inf@bad=\count197
LaTeX Info: Redefining \frac on input line 234.
\uproot@=\count198
\leftroot@=\count199
LaTeX Info: Redefining \overline on input line 399.
LaTeX Info: Redefining \colon on input line 410.
\classnum@=\count266
\DOTSCASE@=\count267
LaTeX Info: Redefining \ldots on input line 496.
LaTeX Info: Redefining \dots on input line 499.
LaTeX Info: Redefining \cdots on input line 620.
\Mathstrutbox@=\box54
\strutbox@=\box55
LaTeX Info: Redefining \big on input line 722.
LaTeX Info: Redefining \Big on input line 723.
LaTeX Info: Redefining \bigg on input line 724.
LaTeX Info: Redefining \Bigg on input line 725.
\big@size=\dimen146
LaTeX Font Info:    Redeclaring font encoding OML on input line 743.
LaTeX Font Info:    Redeclaring font encoding OMS on input line 744.
\macc@depth=\count268
LaTeX Info: Redefining \bmod on input line 905.
LaTeX Info: Redefining \pmod on input line 910.
LaTeX Info: Redefining \smash on input line 940.
LaTeX Info: Redefining \relbar on input line 970.
LaTeX Info: Redefining \Relbar on input line 971.
\c@MaxMatrixCols=\count269
\dotsspace@=\muskip16
\c@parentequation=\count270
\dspbrk@lvl=\count271
\tag@help=\toks22
\row@=\count272
\column@=\count273
\maxfields@=\count274
\andhelp@=\toks23
\eqnshift@=\dimen147
\alignsep@=\dimen148
\tagshift@=\dimen149
\tagwidth@=\dimen150
\totwidth@=\dimen151
\lineht@=\dimen152
\@envbody=\toks24
\multlinegap=\skip52
\multlinetaggap=\skip53
\mathdisplay@stack=\toks25
LaTeX Info: Redefining \[ on input line 2953.
LaTeX Info: Redefining \] on input line 2954.
) (/usr/local/texlive/2023basic/texmf-dist/tex/latex/amsfonts/amssymb.sty
Package: amssymb 2013/01/14 v3.01 AMS font symbols
 (/usr/local/texlive/2023basic/texmf-dist/tex/latex/amsfonts/amsfonts.sty
Package: amsfonts 2013/01/14 v3.01 Basic AMSFonts support
\symAMSa=\mathgroup4
\symAMSb=\mathgroup5
LaTeX Font Info:    Redeclaring math symbol \hbar on input line 98.
LaTeX Font Info:    Overwriting math alphabet `\mathfrak' in version `bold'
(Font)                  U/euf/m/n --> U/euf/b/n on input line 106.
)) (/usr/local/texlive/2023basic/texmf-dist/tex/latex/svg/svg.sty
Package: svg 2020/11/26 v2.02k (include SVG pictures)
 (/usr/local/texlive/2023basic/texmf-dist/tex/generic/iftex/iftex.sty
Package: iftex 2022/02/03 v1.0f TeX engine tests
) (/usr/local/texlive/2023basic/texmf-dist/tex/latex/koma-script/scrbase.sty
Package: scrbase 2022/10/12 v3.38 KOMA-Script package (KOMA-Script-independent basics and keyval usage)
 (/usr/local/texlive/2023basic/texmf-dist/tex/latex/koma-script/scrlfile.sty
Package: scrlfile 2022/10/12 v3.38 KOMA-Script package (file load hooks)
 (/usr/local/texlive/2023basic/texmf-dist/tex/latex/koma-script/scrlfile-hook.sty
Package: scrlfile-hook 2022/10/12 v3.38 KOMA-Script package (using LaTeX hooks)
 (/usr/local/texlive/2023basic/texmf-dist/tex/latex/koma-script/scrlogo.sty
Package: scrlogo 2022/10/12 v3.38 KOMA-Script package (logo)
)))
Applying: [2021/05/01] Usage of raw or classic option list on input line 252.
Already applied: [0000/00/00] Usage of raw or classic option list on input line 368.
) (/usr/local/texlive/2023basic/texmf-dist/tex/generic/pdftexcmds/pdftexcmds.sty
Package: pdftexcmds 2020-06-27 v0.33 Utility functions of pdfTeX for LuaTeX (HO)
 (/usr/local/texlive/2023basic/texmf-dist/tex/generic/infwarerr/infwarerr.sty
Package: infwarerr 2019/12/03 v1.5 Providing info/warning/error messages (HO)
) (/usr/local/texlive/2023basic/texmf-dist/tex/generic/ltxcmds/ltxcmds.sty
Package: ltxcmds 2020-05-10 v1.25 LaTeX kernel commands for general use (HO)
)
Package pdftexcmds Info: \pdf@primitive is available.
Package pdftexcmds Info: \pdf@ifprimitive is available.
Package pdftexcmds Info: \pdfdraftmode found.
) (/usr/local/texlive/2023basic/texmf-dist/tex/latex/trimspaces/trimspaces.sty
Package: trimspaces 2009/09/17 v1.1 Trim spaces around a token list
) (/usr/local/texlive/2023basic/texmf-dist/tex/latex/tools/shellesc.sty
Package: shellesc 2019/11/08 v1.0c unified shell escape interface for LaTeX
Package shellesc Info: Restricted shell escape enabled on input line 77.
)
\c@svg@param@lastpage=\count275
\svg@box=\box56
\c@svg@param@currpage=\count276
) (/usr/local/texlive/2023basic/texmf-dist/tex/latex/transparent/transparent.sty
Package: transparent 2022-10-27 v1.5 Transparency with color stacks
 (/usr/local/texlive/2023basic/texmf-dist/tex/latex/transparent/transparent-nometadata.sty
Package: transparent-nometadata 2022-10-27 v1.5 Transparency via pdfTeX's color stack (HO)
 (/usr/local/texlive/2023basic/texmf-dist/tex/latex/auxhook/auxhook.sty
Package: auxhook 2019-12-17 v1.6 Hooks for auxiliary files (HO)
))) (/usr/local/texlive/2023basic/texmf-dist/tex/latex/pgf/systemlayer/pgfsys.sty (/usr/local/texlive/2023basic/texmf-dist/tex/latex/pgf/utilities/pgfrcs.sty (/usr/local/texlive/2023basic/texmf-dist/tex/generic/pgf/utilities/pgfutil-common.tex
\pgfutil@everybye=\toks26
\pgfutil@tempdima=\dimen153
\pgfutil@tempdimb=\dimen154
) (/usr/local/texlive/2023basic/texmf-dist/tex/generic/pgf/utilities/pgfutil-latex.def
\pgfutil@abb=\box57
) (/usr/local/texlive/2023basic/texmf-dist/tex/generic/pgf/utilities/pgfrcs.code.tex (/usr/local/texlive/2023basic/texmf-dist/tex/generic/pgf/pgf.revision.tex)
Package: pgfrcs 2023-01-15 v3.1.10 (3.1.10)
)) (/usr/local/texlive/2023basic/texmf-dist/tex/generic/pgf/systemlayer/pgfsys.code.tex
Package: pgfsys 2023-01-15 v3.1.10 (3.1.10)
 (/usr/local/texlive/2023basic/texmf-dist/tex/generic/pgf/utilities/pgfkeys.code.tex
\pgfkeys@pathtoks=\toks27
\pgfkeys@temptoks=\toks28
 (/usr/local/texlive/2023basic/texmf-dist/tex/generic/pgf/utilities/pgfkeyslibraryfiltered.code.tex
\pgfkeys@tmptoks=\toks29
))
\pgf@x=\dimen155
\pgf@y=\dimen156
\pgf@xa=\dimen157
\pgf@ya=\dimen158
\pgf@xb=\dimen159
\pgf@yb=\dimen160
\pgf@xc=\dimen161
\pgf@yc=\dimen162
\pgf@xd=\dimen163
\pgf@yd=\dimen164
\w@pgf@writea=\write3
\r@pgf@reada=\read2
\c@pgf@counta=\count277
\c@pgf@countb=\count278
\c@pgf@countc=\count279
\c@pgf@countd=\count280
\t@pgf@toka=\toks30
\t@pgf@tokb=\toks31
\t@pgf@tokc=\toks32
\pgf@sys@id@count=\count281
 (/usr/local/texlive/2023basic/texmf-dist/tex/generic/pgf/systemlayer/pgf.cfg
File: pgf.cfg 2023-01-15 v3.1.10 (3.1.10)
)
Driver file for pgf: pgfsys-pdftex.def
 (/usr/local/texlive/2023basic/texmf-dist/tex/generic/pgf/systemlayer/pgfsys-pdftex.def
File: pgfsys-pdftex.def 2023-01-15 v3.1.10 (3.1.10)
 (/usr/local/texlive/2023basic/texmf-dist/tex/generic/pgf/systemlayer/pgfsys-common-pdf.def
File: pgfsys-common-pdf.def 2023-01-15 v3.1.10 (3.1.10)
))) (/usr/local/texlive/2023basic/texmf-dist/tex/generic/pgf/systemlayer/pgfsyssoftpath.code.tex
File: pgfsyssoftpath.code.tex 2023-01-15 v3.1.10 (3.1.10)
\pgfsyssoftpath@smallbuffer@items=\count282
\pgfsyssoftpath@bigbuffer@items=\count283
) (/usr/local/texlive/2023basic/texmf-dist/tex/generic/pgf/systemlayer/pgfsysprotocol.code.tex
File: pgfsysprotocol.code.tex 2023-01-15 v3.1.10 (3.1.10)
)) (/usr/local/texlive/2023basic/texmf-dist/tex/latex/accents/accents.sty
Package: accents 2006/05/12 v1.4 Math Accent Tools
\cc@skew=\dimen165
\cc@wd=\dimen166
\cc@code=\count284
\cc@group=\count285
\cc@skewchar=\count286
) (/usr/local/texlive/2023basic/texmf-dist/tex/latex/wrapfig/wrapfig.sty
\wrapoverhang=\dimen167
\WF@size=\dimen168
\c@WF@wrappedlines=\count287
\WF@box=\box58
\WF@everypar=\toks33
Package: wrapfig 2003/01/31  v 3.6
) (/usr/local/texlive/2023basic/texmf-dist/tex/latex/fancyhdr/fancyhdr.sty
Package: fancyhdr 2022/11/09 v4.1 Extensive control of page headers and footers
\f@nch@headwidth=\skip54
\f@nch@O@elh=\skip55
\f@nch@O@erh=\skip56
\f@nch@O@olh=\skip57
\f@nch@O@orh=\skip58
\f@nch@O@elf=\skip59
\f@nch@O@erf=\skip60
\f@nch@O@olf=\skip61
\f@nch@O@orf=\skip62
) (/usr/local/texlive/2023basic/texmf-dist/tex/latex/comment/comment.sty
\CommentStream=\write4
 Excluding comment 'comment') (/usr/local/texlive/2023basic/texmf-dist/tex/latex/graphics/rotating.sty
Package: rotating 2016/08/11 v2.16d rotated objects in LaTeX
 (/usr/local/texlive/2023basic/texmf-dist/tex/latex/base/ifthen.sty
Package: ifthen 2022/04/13 v1.1d Standard LaTeX ifthen package (DPC)
)
\c@r@tfl@t=\count288
\rotFPtop=\skip63
\rotFPbot=\skip64
\rot@float@box=\box59
\rot@mess@toks=\toks34
) (/usr/local/texlive/2023basic/texmf-dist/tex/latex/pdflscape/pdflscape.sty
Package: pdflscape 2022-10-27 v0.13 Display of landscape pages in PDF
 (/usr/local/texlive/2023basic/texmf-dist/tex/latex/pdflscape/pdflscape-nometadata.sty
Package: pdflscape-nometadata 2022-10-28 v0.13 Display of landscape pages in PDF (HO)
 (/usr/local/texlive/2023basic/texmf-dist/tex/latex/graphics/lscape.sty
Package: lscape 2020/05/28 v3.02 Landscape Pages (DPC)
)
Package pdflscape Info: Auto-detected driver: pdftex on input line 81.
)) (/usr/local/texlive/2023basic/texmf-dist/tex/latex/setspace/setspace.sty
Package: setspace 2022/12/04 v6.7b set line spacing
) (/usr/local/texlive/2023basic/texmf-dist/tex/latex/chemformula/chemformula.sty (/usr/local/texlive/2023basic/texmf-dist/tex/latex/pgf/frontendlayer/tikz.sty (/usr/local/texlive/2023basic/texmf-dist/tex/latex/pgf/basiclayer/pgf.sty
Package: pgf 2023-01-15 v3.1.10 (3.1.10)
 (/usr/local/texlive/2023basic/texmf-dist/tex/latex/pgf/basiclayer/pgfcore.sty (/usr/local/texlive/2023basic/texmf-dist/tex/generic/pgf/basiclayer/pgfcore.code.tex
Package: pgfcore 2023-01-15 v3.1.10 (3.1.10)
 (/usr/local/texlive/2023basic/texmf-dist/tex/generic/pgf/math/pgfmath.code.tex (/usr/local/texlive/2023basic/texmf-dist/tex/generic/pgf/math/pgfmathutil.code.tex) (/usr/local/texlive/2023basic/texmf-dist/tex/generic/pgf/math/pgfmathparser.code.tex
\pgfmath@dimen=\dimen169
\pgfmath@count=\count289
\pgfmath@box=\box60
\pgfmath@toks=\toks35
\pgfmath@stack@operand=\toks36
\pgfmath@stack@operation=\toks37
) (/usr/local/texlive/2023basic/texmf-dist/tex/generic/pgf/math/pgfmathfunctions.code.tex) (/usr/local/texlive/2023basic/texmf-dist/tex/generic/pgf/math/pgfmathfunctions.basic.code.tex) (/usr/local/texlive/2023basic/texmf-dist/tex/generic/pgf/math/pgfmathfunctions.trigonometric.code.tex) (/usr/local/texlive/2023basic/texmf-dist/tex/generic/pgf/math/pgfmathfunctions.random.code.tex) (/usr/local/texlive/2023basic/texmf-dist/tex/generic/pgf/math/pgfmathfunctions.comparison.code.tex) (/usr/local/texlive/2023basic/texmf-dist/tex/generic/pgf/math/pgfmathfunctions.base.code.tex) (/usr/local/texlive/2023basic/texmf-dist/tex/generic/pgf/math/pgfmathfunctions.round.code.tex) (/usr/local/texlive/2023basic/texmf-dist/tex/generic/pgf/math/pgfmathfunctions.misc.code.tex) (/usr/local/texlive/2023basic/texmf-dist/tex/generic/pgf/math/pgfmathfunctions.integerarithmetics.code.tex) (/usr/local/texlive/2023basic/texmf-dist/tex/generic/pgf/math/pgfmathcalc.code.tex) (/usr/local/texlive/2023basic/texmf-dist/tex/generic/pgf/math/pgfmathfloat.code.tex
\c@pgfmathroundto@lastzeros=\count290
)) (/usr/local/texlive/2023basic/texmf-dist/tex/generic/pgf/math/pgfint.code.tex) (/usr/local/texlive/2023basic/texmf-dist/tex/generic/pgf/basiclayer/pgfcorepoints.code.tex
File: pgfcorepoints.code.tex 2023-01-15 v3.1.10 (3.1.10)
\pgf@picminx=\dimen170
\pgf@picmaxx=\dimen171
\pgf@picminy=\dimen172
\pgf@picmaxy=\dimen173
\pgf@pathminx=\dimen174
\pgf@pathmaxx=\dimen175
\pgf@pathminy=\dimen176
\pgf@pathmaxy=\dimen177
\pgf@xx=\dimen178
\pgf@xy=\dimen179
\pgf@yx=\dimen180
\pgf@yy=\dimen181
\pgf@zx=\dimen182
\pgf@zy=\dimen183
) (/usr/local/texlive/2023basic/texmf-dist/tex/generic/pgf/basiclayer/pgfcorepathconstruct.code.tex
File: pgfcorepathconstruct.code.tex 2023-01-15 v3.1.10 (3.1.10)
\pgf@path@lastx=\dimen184
\pgf@path@lasty=\dimen185
) (/usr/local/texlive/2023basic/texmf-dist/tex/generic/pgf/basiclayer/pgfcorepathusage.code.tex
File: pgfcorepathusage.code.tex 2023-01-15 v3.1.10 (3.1.10)
\pgf@shorten@end@additional=\dimen186
\pgf@shorten@start@additional=\dimen187
) (/usr/local/texlive/2023basic/texmf-dist/tex/generic/pgf/basiclayer/pgfcorescopes.code.tex
File: pgfcorescopes.code.tex 2023-01-15 v3.1.10 (3.1.10)
\pgfpic=\box61
\pgf@hbox=\box62
\pgf@layerbox@main=\box63
\pgf@picture@serial@count=\count291
) (/usr/local/texlive/2023basic/texmf-dist/tex/generic/pgf/basiclayer/pgfcoregraphicstate.code.tex
File: pgfcoregraphicstate.code.tex 2023-01-15 v3.1.10 (3.1.10)
\pgflinewidth=\dimen188
) (/usr/local/texlive/2023basic/texmf-dist/tex/generic/pgf/basiclayer/pgfcoretransformations.code.tex
File: pgfcoretransformations.code.tex 2023-01-15 v3.1.10 (3.1.10)
\pgf@pt@x=\dimen189
\pgf@pt@y=\dimen190
\pgf@pt@temp=\dimen191
) (/usr/local/texlive/2023basic/texmf-dist/tex/generic/pgf/basiclayer/pgfcorequick.code.tex
File: pgfcorequick.code.tex 2023-01-15 v3.1.10 (3.1.10)
) (/usr/local/texlive/2023basic/texmf-dist/tex/generic/pgf/basiclayer/pgfcoreobjects.code.tex
File: pgfcoreobjects.code.tex 2023-01-15 v3.1.10 (3.1.10)
) (/usr/local/texlive/2023basic/texmf-dist/tex/generic/pgf/basiclayer/pgfcorepathprocessing.code.tex
File: pgfcorepathprocessing.code.tex 2023-01-15 v3.1.10 (3.1.10)
) (/usr/local/texlive/2023basic/texmf-dist/tex/generic/pgf/basiclayer/pgfcorearrows.code.tex
File: pgfcorearrows.code.tex 2023-01-15 v3.1.10 (3.1.10)
\pgfarrowsep=\dimen192
) (/usr/local/texlive/2023basic/texmf-dist/tex/generic/pgf/basiclayer/pgfcoreshade.code.tex
File: pgfcoreshade.code.tex 2023-01-15 v3.1.10 (3.1.10)
\pgf@max=\dimen193
\pgf@sys@shading@range@num=\count292
\pgf@shadingcount=\count293
) (/usr/local/texlive/2023basic/texmf-dist/tex/generic/pgf/basiclayer/pgfcoreimage.code.tex
File: pgfcoreimage.code.tex 2023-01-15 v3.1.10 (3.1.10)
) (/usr/local/texlive/2023basic/texmf-dist/tex/generic/pgf/basiclayer/pgfcoreexternal.code.tex
File: pgfcoreexternal.code.tex 2023-01-15 v3.1.10 (3.1.10)
\pgfexternal@startupbox=\box64
) (/usr/local/texlive/2023basic/texmf-dist/tex/generic/pgf/basiclayer/pgfcorelayers.code.tex
File: pgfcorelayers.code.tex 2023-01-15 v3.1.10 (3.1.10)
) (/usr/local/texlive/2023basic/texmf-dist/tex/generic/pgf/basiclayer/pgfcoretransparency.code.tex
File: pgfcoretransparency.code.tex 2023-01-15 v3.1.10 (3.1.10)
) (/usr/local/texlive/2023basic/texmf-dist/tex/generic/pgf/basiclayer/pgfcorepatterns.code.tex
File: pgfcorepatterns.code.tex 2023-01-15 v3.1.10 (3.1.10)
) (/usr/local/texlive/2023basic/texmf-dist/tex/generic/pgf/basiclayer/pgfcorerdf.code.tex
File: pgfcorerdf.code.tex 2023-01-15 v3.1.10 (3.1.10)
))) (/usr/local/texlive/2023basic/texmf-dist/tex/generic/pgf/modules/pgfmoduleshapes.code.tex
File: pgfmoduleshapes.code.tex 2023-01-15 v3.1.10 (3.1.10)
\pgfnodeparttextbox=\box65
) (/usr/local/texlive/2023basic/texmf-dist/tex/generic/pgf/modules/pgfmoduleplot.code.tex
File: pgfmoduleplot.code.tex 2023-01-15 v3.1.10 (3.1.10)
) (/usr/local/texlive/2023basic/texmf-dist/tex/latex/pgf/compatibility/pgfcomp-version-0-65.sty
Package: pgfcomp-version-0-65 2023-01-15 v3.1.10 (3.1.10)
\pgf@nodesepstart=\dimen194
\pgf@nodesepend=\dimen195
) (/usr/local/texlive/2023basic/texmf-dist/tex/latex/pgf/compatibility/pgfcomp-version-1-18.sty
Package: pgfcomp-version-1-18 2023-01-15 v3.1.10 (3.1.10)
)) (/usr/local/texlive/2023basic/texmf-dist/tex/latex/pgf/utilities/pgffor.sty (/usr/local/texlive/2023basic/texmf-dist/tex/latex/pgf/utilities/pgfkeys.sty (/usr/local/texlive/2023basic/texmf-dist/tex/generic/pgf/utilities/pgfkeys.code.tex)) (/usr/local/texlive/2023basic/texmf-dist/tex/latex/pgf/math/pgfmath.sty (/usr/local/texlive/2023basic/texmf-dist/tex/generic/pgf/math/pgfmath.code.tex)) (/usr/local/texlive/2023basic/texmf-dist/tex/generic/pgf/utilities/pgffor.code.tex
Package: pgffor 2023-01-15 v3.1.10 (3.1.10)
\pgffor@iter=\dimen196
\pgffor@skip=\dimen197
\pgffor@stack=\toks38
\pgffor@toks=\toks39
)) (/usr/local/texlive/2023basic/texmf-dist/tex/generic/pgf/frontendlayer/tikz/tikz.code.tex
Package: tikz 2023-01-15 v3.1.10 (3.1.10)
 (/usr/local/texlive/2023basic/texmf-dist/tex/generic/pgf/libraries/pgflibraryplothandlers.code.tex
File: pgflibraryplothandlers.code.tex 2023-01-15 v3.1.10 (3.1.10)
\pgf@plot@mark@count=\count294
\pgfplotmarksize=\dimen198
)
\tikz@lastx=\dimen199
\tikz@lasty=\dimen256
\tikz@lastxsaved=\dimen257
\tikz@lastysaved=\dimen258
\tikz@lastmovetox=\dimen259
\tikz@lastmovetoy=\dimen260
\tikzleveldistance=\dimen261
\tikzsiblingdistance=\dimen262
\tikz@figbox=\box66
\tikz@figbox@bg=\box67
\tikz@tempbox=\box68
\tikz@tempbox@bg=\box69
\tikztreelevel=\count295
\tikznumberofchildren=\count296
\tikznumberofcurrentchild=\count297
\tikz@fig@count=\count298
 (/usr/local/texlive/2023basic/texmf-dist/tex/generic/pgf/modules/pgfmodulematrix.code.tex
File: pgfmodulematrix.code.tex 2023-01-15 v3.1.10 (3.1.10)
\pgfmatrixcurrentrow=\count299
\pgfmatrixcurrentcolumn=\count300
\pgf@matrix@numberofcolumns=\count301
)
\tikz@expandcount=\count302
 (/usr/local/texlive/2023basic/texmf-dist/tex/generic/pgf/frontendlayer/tikz/libraries/tikzlibrarytopaths.code.tex
File: tikzlibrarytopaths.code.tex 2023-01-15 v3.1.10 (3.1.10)
))) (/usr/local/texlive/2023basic/texmf-dist/tex/latex/l3packages/xfrac/xfrac.sty (/usr/local/texlive/2023basic/texmf-dist/tex/latex/l3kernel/expl3.sty
Package: expl3 2023-02-22 L3 programming layer (loader) 
 (/usr/local/texlive/2023basic/texmf-dist/tex/latex/l3backend/l3backend-pdftex.def
File: l3backend-pdftex.def 2023-01-16 L3 backend support: PDF output (pdfTeX)
\l__color_backend_stack_int=\count303
\l__pdf_internal_box=\box70
)) (/usr/local/texlive/2023basic/texmf-dist/tex/latex/l3packages/l3keys2e/l3keys2e.sty
Package: l3keys2e 2023-02-02 LaTeX2e option processing using LaTeX3 keys
) (/usr/local/texlive/2023basic/texmf-dist/tex/latex/base/textcomp.sty
Package: textcomp 2020/02/02 v2.0n Standard LaTeX package
) (/usr/local/texlive/2023basic/texmf-dist/tex/latex/l3packages/xparse/xparse.sty
Package: xparse 2023-02-02 L3 Experimental document command parser
) (/usr/local/texlive/2023basic/texmf-dist/tex/latex/l3packages/xtemplate/xtemplate.sty
Package: xtemplate 2023-02-02 L3 Experimental prototype document functions
\l__xtemplate_tmp_dim=\dimen263
\l__xtemplate_tmp_int=\count304
\l__xtemplate_tmp_muskip=\muskip17
\l__xtemplate_tmp_skip=\skip65
)
Package: xfrac 2023-02-02 L3 Experimental split-level fractions
\l__xfrac_slash_box=\box71
\l__xfrac_tmp_box=\box72
\l__xfrac_denominator_bot_sep_dim=\dimen264
\l__xfrac_numerator_bot_sep_dim=\dimen265
\l__xfrac_numerator_top_sep_dim=\dimen266
\l__xfrac_slash_left_sep_dim=\dimen267
\l__xfrac_slash_right_sep_dim=\dimen268
\l__xfrac_slash_left_muskip=\muskip18
\l__xfrac_slash_right_muskip=\muskip19

Package xtemplate Info: Declaring object type 'xfrac' taking 3 argument(s) on
(xtemplate)             line 80.

) (/usr/local/texlive/2023basic/texmf-dist/tex/latex/units/nicefrac.sty
Package: nicefrac 1998/08/04 v0.9b Nice fractions
\L@UnitsRaiseDisplaystyle=\skip66
\L@UnitsRaiseTextstyle=\skip67
\L@UnitsRaiseScriptstyle=\skip68
) (/usr/local/texlive/2023basic/texmf-dist/tex/generic/pgf/libraries/pgflibraryarrows.meta.code.tex
File: pgflibraryarrows.meta.code.tex 2023-01-15 v3.1.10 (3.1.10)
\pgfarrowinset=\dimen269
\pgfarrowlength=\dimen270
\pgfarrowwidth=\dimen271
\pgfarrowlinewidth=\dimen272
)
Package: chemformula 2022/01/23 v4.17 typeset chemical compounds and reactions (CN)
\l__chemformula_tmpa_dim=\dimen273
\l__chemformula_tmpb_dim=\dimen274
\l__chemformula_tmpc_dim=\dimen275
\l__chemformula_tmpa_int=\count305
\l__chemformula_tmpb_int=\count306
\l__chemformula_tmpc_int=\count307
\l__chemformula_tmpa_box=\box73
\l__chemformula_tmpb_box=\box74
\l__chemformula_arrow_length_dim=\dimen276
\l__chemformula_arrow_label_height_dim=\dimen277
\l__chemformula_arrow_label_offset_dim=\dimen278
\l__chemformula_arrow_minimum_length_dim=\dimen279
\l__chemformula_arrow_shortage_dim=\dimen280
\l__chemformula_arrow_offset_dim=\dimen281
\l__chemformula_arrow_yshift_dim=\dimen282
\l__chemformula_radical_radius_dim=\dimen283
\l__chemformula_radical_hshift_dim=\dimen284
\l__chemformula_radical_vshift_dim=\dimen285
\l__chemformula_radical_space_dim=\dimen286
\l__chemformula_arrow_head_dim=\dimen287
\l__chemformula_name_dim=\dimen288
\l__chemformula_adduct_space_dim=\dimen289
\l__chemformula_charge_shift_dim=\dimen290
\l__chemformula_subscript_shift_dim=\dimen291
\l__chemformula_superscript_shift_dim=\dimen292
\l__chemformula_subscript_dim=\dimen293
\l__chemformula_superscript_dim=\dimen294
\l__chemformula_bond_dim=\dimen295
\l__chemformula_bond_space_dim=\dimen296
\l__chemformula_elspec_pair_distance_dim=\dimen297
\l__chemformula_elspec_pair_line_length_dim=\dimen298
\l__chemformula_elspec_pair_width_dim=\dimen299
\l__chemformula_kroegervink_positive_radius_dim=\dimen300
\l__chemformula_kroegervink_positive_hshift_dim=\dimen301
\l__chemformula_kroegervink_positive_vshift_dim=\dimen302
\l__chemformula_kroegervink_positive_space_dim=\dimen303
\l__chemformula_stoich_space_skip=\skip69
\l__chemformula_math_space_skip=\skip70
\l__chemformula_additions_symbol_space_skip=\skip71
\l__chemformula_count_tokens_int=\count308
\g__chemformula_lewis_int=\count309
\l__chemformula_arrow_arg_i_box=\box75
\l__chemformula_arrow_arg_ii_box=\box76
\l__chemformula_superscript_box=\box77
\l__chemformula_subscript_box=\box78
\l__chemformula_plus_space_skip=\skip72
\l__chemformula_minus_space_skip=\skip73
) (/usr/local/texlive/2023basic/texmf-dist/tex/latex/gensymb/gensymb.sty
Package: gensymb 2022/10/17 v1.0.2 (KJH)
) (/usr/local/texlive/2023basic/texmf-dist/tex/latex/pdfpages/pdfpages.sty
Package: pdfpages 2022/12/19 v0.5x Insert pages of external PDF documents (AM)
 (/usr/local/texlive/2023basic/texmf-dist/tex/latex/tools/calc.sty
Package: calc 2017/05/25 v4.3 Infix arithmetic (KKT,FJ)
\calc@Acount=\count310
\calc@Bcount=\count311
\calc@Adimen=\dimen304
\calc@Bdimen=\dimen305
\calc@Askip=\skip74
\calc@Bskip=\skip75
LaTeX Info: Redefining \setlength on input line 80.
LaTeX Info: Redefining \addtolength on input line 81.
\calc@Ccount=\count312
\calc@Cskip=\skip76
) (/usr/local/texlive/2023basic/texmf-dist/tex/latex/eso-pic/eso-pic.sty
Package: eso-pic 2020/10/14 v3.0a eso-pic (RN)
\ESO@tempdima=\dimen306
\ESO@tempdimb=\dimen307
)
\AM@pagewidth=\dimen308
\AM@pageheight=\dimen309
\AM@fboxrule=\dimen310
 (/usr/local/texlive/2023basic/texmf-dist/tex/latex/pdfpages/pppdftex.def
File: pppdftex.def 2022/12/19 v0.5x Pdfpages driver for pdfTeX (AM)
)
\pdfpages@includegraphics@status=\count313
\AM@pagebox=\box79
\AM@global@opts=\toks40
\AM@pagecnt=\count314
\AM@toc@title=\toks41
\AM@lof@heading=\toks42
\c@AM@survey=\count315
\AM@templatesizebox=\box80
) (/usr/local/texlive/2023basic/texmf-dist/tex/latex/textgreek/textgreek.sty
Package: textgreek 2011/10/09 v0.7 Greek symbols in text
Package textgreek Info: Loading the definitions for the Greek fontencoding. on input line 39.
 (/usr/local/texlive/2023basic/texmf-dist/tex/latex/greek-fontenc/lgrenc.def
File: lgrenc.def 2023/02/28 2.2 LGR Greek font encoding definitions
Now handling font encoding LGR ...
... no UTF-8 mapping file for font encoding LGR
 (/usr/local/texlive/2023basic/texmf-dist/tex/latex/greek-fontenc/greek-fontenc.def
File: greek-fontenc.def 2023-06-01 2.3 Common Greek font encoding definitions
))
Package textgreek Info: Loaded fontmap: {eur/*/*}{U/eur/*/*} {phv/*/*}{U/psy/*/*}. on input line 69.
) (/usr/local/texlive/2023basic/texmf-dist/tex/latex/caption/caption.sty
Package: caption 2023/03/12 v3.6j Customizing captions (AR)
 (/usr/local/texlive/2023basic/texmf-dist/tex/latex/caption/caption3.sty
Package: caption3 2023/03/12 v2.4 caption3 kernel (AR)
\caption@tempdima=\dimen311
\captionmargin=\dimen312
\caption@leftmargin=\dimen313
\caption@rightmargin=\dimen314
\caption@width=\dimen315
\caption@indent=\dimen316
\caption@parindent=\dimen317
\caption@hangindent=\dimen318
Package caption Info: Standard document class detected.
)
\c@caption@flags=\count316
\c@continuedfloat=\count317
Package caption Info: float package is loaded.
Package caption Info: rotating package is loaded.
Package caption Info: wrapfig package is loaded.
) (/usr/local/texlive/2023basic/texmf-dist/tex/latex/fncychap/fncychap.sty
Package: fncychap 2007/07/30 v1.34 LaTeX package (Revised chapters)
\RW=\skip77
\mylen=\skip78
\myhi=\skip79
\px=\skip80
\py=\skip81
\pyy=\skip82
\pxx=\skip83
\c@AlphaCnt=\count318
\c@AlphaDecCnt=\count319
) (/usr/local/texlive/2023basic/texmf-dist/tex/latex/preprint/fullpage.sty
Package: fullpage 1999/02/23 1.1 (PWD)
\FP@margin=\skip84
) (/usr/local/texlive/2023basic/texmf-dist/tex/latex/algorithms/algorithm.sty
Package: algorithm 2009/08/24 v0.1 Document Style `algorithm' - floating environment
\@float@every@algorithm=\toks43
\c@algorithm=\count320
) (/usr/local/texlive/2023basic/texmf-dist/tex/latex/natbib/natbib.sty
Package: natbib 2010/09/13 8.31b (PWD, AO)
\bibhang=\skip85
\bibsep=\skip86
LaTeX Info: Redefining \cite on input line 694.
\c@NAT@ctr=\count321
) (/usr/local/texlive/2023basic/texmf-dist/tex/latex/hanging/hanging.sty
Package: hanging 2009/09/02 v1.2b hanging paragraphs and punctuation
\h@ngcommawd=\skip87
\h@ngfstopwd=\skip88
\h@ngquotewd=\skip89
\h@ngdquotewd=\skip90
\h@ngquerywd=\skip91
\h@ngexclwd=\skip92
\h@ngcolonwd=\skip93
\h@ngscolonwd=\skip94
) (/usr/local/texlive/2023basic/texmf-dist/tex/latex/base/inputenc.sty
Package: inputenc 2021/02/14 v1.3d Input encoding file
\inpenc@prehook=\toks44
\inpenc@posthook=\toks45
)
(/usr/local/texlive/2023basic/texmf-dist/tex/latex/realboxes/realboxes.sty
Package: realboxes 2011/08/08 v0.2 Change box commands to read there content as real boxes
 (/usr/local/texlive/2023basic/texmf-dist/tex/latex/collectbox/collectbox.sty
Package: collectbox 2022/10/17 v0.4c Collect macro arguments as boxes
\collectedbox=\box81
)) (/usr/local/texlive/2023basic/texmf-dist/tex/latex/subfigure/subfigure.sty
Package: subfigure 2002/03/15 v2.1.5 subfigure package
\subfigtopskip=\skip95
\subfigcapskip=\skip96
\subfigcaptopadj=\dimen319
\subfigbottomskip=\skip97
\subfigcapmargin=\dimen320
\subfiglabelskip=\skip98
\c@subfigure=\count322
\c@lofdepth=\count323
\c@subtable=\count324
\c@lotdepth=\count325

****************************************
* Local config file subfigure.cfg used *
****************************************
(/usr/local/texlive/2023basic/texmf-dist/tex/latex/subfigure/subfigure.cfg)
\subfig@top=\skip99
\subfig@bottom=\skip100
) (/usr/local/texlive/2023basic/texmf-dist/tex/latex/etoolbox/etoolbox.sty
Package: etoolbox 2020/10/05 v2.5k e-TeX tools for LaTeX (JAW)
\etb@tempcnta=\count326
) (/usr/local/texlive/2023basic/texmf-dist/tex/latex/hyperref/hyperref.sty
Package: hyperref 2023-02-07 v7.00v Hypertext links for LaTeX
 (/usr/local/texlive/2023basic/texmf-dist/tex/latex/kvsetkeys/kvsetkeys.sty
Package: kvsetkeys 2022-10-05 v1.19 Key value parser (HO)
) (/usr/local/texlive/2023basic/texmf-dist/tex/generic/kvdefinekeys/kvdefinekeys.sty
Package: kvdefinekeys 2019-12-19 v1.6 Define keys (HO)
) (/usr/local/texlive/2023basic/texmf-dist/tex/generic/pdfescape/pdfescape.sty
Package: pdfescape 2019/12/09 v1.15 Implements pdfTeX's escape features (HO)
) (/usr/local/texlive/2023basic/texmf-dist/tex/latex/hycolor/hycolor.sty
Package: hycolor 2020-01-27 v1.10 Color options for hyperref/bookmark (HO)
) (/usr/local/texlive/2023basic/texmf-dist/tex/latex/letltxmacro/letltxmacro.sty
Package: letltxmacro 2019/12/03 v1.6 Let assignment for LaTeX macros (HO)
) (/usr/local/texlive/2023basic/texmf-dist/tex/latex/hyperref/nameref.sty
Package: nameref 2022-05-17 v2.50 Cross-referencing by name of section
 (/usr/local/texlive/2023basic/texmf-dist/tex/latex/refcount/refcount.sty
Package: refcount 2019/12/15 v3.6 Data extraction from label references (HO)
) (/usr/local/texlive/2023basic/texmf-dist/tex/generic/gettitlestring/gettitlestring.sty
Package: gettitlestring 2019/12/15 v1.6 Cleanup title references (HO)
 (/usr/local/texlive/2023basic/texmf-dist/tex/latex/kvoptions/kvoptions.sty
Package: kvoptions 2022-06-15 v3.15 Key value format for package options (HO)
))
\c@section@level=\count327
)
\@linkdim=\dimen321
\Hy@linkcounter=\count328
\Hy@pagecounter=\count329
 (/usr/local/texlive/2023basic/texmf-dist/tex/latex/hyperref/pd1enc.def
File: pd1enc.def 2023-02-07 v7.00v Hyperref: PDFDocEncoding definition (HO)
Now handling font encoding PD1 ...
... no UTF-8 mapping file for font encoding PD1
) (/usr/local/texlive/2023basic/texmf-dist/tex/generic/intcalc/intcalc.sty
Package: intcalc 2019/12/15 v1.3 Expandable calculations with integers (HO)
) (/usr/local/texlive/2023basic/texmf-dist/tex/generic/etexcmds/etexcmds.sty
Package: etexcmds 2019/12/15 v1.7 Avoid name clashes with e-TeX commands (HO)
)
\Hy@SavedSpaceFactor=\count330
 (/usr/local/texlive/2023basic/texmf-dist/tex/latex/hyperref/puenc.def
File: puenc.def 2023-02-07 v7.00v Hyperref: PDF Unicode definition (HO)
Now handling font encoding PU ...
... no UTF-8 mapping file for font encoding PU
 (/usr/local/texlive/2023basic/texmf-dist/tex/latex/hyperref/puenc-greekbasic.def
File: puenc-greekbasic.def 2023-02-07 v7.00v Hyperref: PDF Unicode definition (greek block) (HO)
))
Package hyperref Info: Hyper figures OFF on input line 4177.
Package hyperref Info: Link nesting OFF on input line 4182.
Package hyperref Info: Hyper index ON on input line 4185.
Package hyperref Info: Plain pages OFF on input line 4192.
Package hyperref Info: Backreferencing ON on input line 4195.
Package hyperref Info: Implicit mode ON; LaTeX internals redefined.
Package hyperref Info: Bookmarks ON on input line 4425.
 (/usr/local/texlive/2023basic/texmf-dist/tex/latex/hyperref/backref.sty
Package: backref 2021/02/04 v1.41 Bibliographical back referencing
 (/usr/local/texlive/2023basic/texmf-dist/tex/latex/rerunfilecheck/rerunfilecheck.sty
Package: rerunfilecheck 2022-07-10 v1.10 Rerun checks for auxiliary files (HO)
 (/usr/local/texlive/2023basic/texmf-dist/tex/latex/base/atveryend-ltx.sty
Package: atveryend-ltx 2020/08/19 v1.0a Emulation of the original atveryend package
with kernel methods
) (/usr/local/texlive/2023basic/texmf-dist/tex/generic/uniquecounter/uniquecounter.sty
Package: uniquecounter 2019/12/15 v1.4 Provide unlimited unique counter (HO)
 (/usr/local/texlive/2023basic/texmf-dist/tex/generic/bigintcalc/bigintcalc.sty
Package: bigintcalc 2019/12/15 v1.5 Expandable calculations on big integers (HO)
))
Package uniquecounter Info: New unique counter `rerunfilecheck' on input line 285.
))
\c@Hy@tempcnt=\count331
 (/usr/local/texlive/2023basic/texmf-dist/tex/latex/url/url.sty
\Urlmuskip=\muskip20
Package: url 2013/09/16  ver 3.4  Verb mode for urls, etc.
)
LaTeX Info: Redefining \url on input line 4763.
\XeTeXLinkMargin=\dimen322
 (/usr/local/texlive/2023basic/texmf-dist/tex/generic/bitset/bitset.sty
Package: bitset 2019/12/09 v1.3 Handle bit-vector datatype (HO)
)
\Fld@menulength=\count332
\Field@Width=\dimen323
\Fld@charsize=\dimen324
Package hyperref Info: Hyper figures OFF on input line 6042.
Package hyperref Info: Link nesting OFF on input line 6047.
Package hyperref Info: Hyper index ON on input line 6050.
Package hyperref Info: backreferencing ON on input line 6055.
Package hyperref Info: Link coloring OFF on input line 6062.
Package hyperref Info: Link coloring with OCG OFF on input line 6067.
Package hyperref Info: PDF/A mode OFF on input line 6072.
 (/usr/local/texlive/2023basic/texmf-dist/tex/latex/base/atbegshi-ltx.sty
Package: atbegshi-ltx 2021/01/10 v1.0c Emulation of the original atbegshi
package with kernel methods
)
\Hy@abspage=\count333
\c@Item=\count334
\c@Hfootnote=\count335
)
Package hyperref Info: Driver (autodetected): hpdftex.
 (/usr/local/texlive/2023basic/texmf-dist/tex/latex/hyperref/hpdftex.def
File: hpdftex.def 2023-02-07 v7.00v Hyperref driver for pdfTeX
\Fld@listcount=\count336
\c@bookmark@seq@number=\count337
\Hy@SectionHShift=\skip101
) (/usr/local/texlive/2023basic/texmf-dist/tex/latex/geometry/geometry.sty
Package: geometry 2020/01/02 v5.9 Page Geometry
 (/usr/local/texlive/2023basic/texmf-dist/tex/generic/iftex/ifvtex.sty
Package: ifvtex 2019/10/25 v1.7 ifvtex legacy package. Use iftex instead.
)
\Gm@cnth=\count338
\Gm@cntv=\count339
\c@Gm@tempcnt=\count340
\Gm@bindingoffset=\dimen325
\Gm@wd@mp=\dimen326
\Gm@odd@mp=\dimen327
\Gm@even@mp=\dimen328
\Gm@layoutwidth=\dimen329
\Gm@layoutheight=\dimen330
\Gm@layouthoffset=\dimen331
\Gm@layoutvoffset=\dimen332
\Gm@dimlist=\toks46
) (/usr/local/texlive/2023basic/texmf-dist/tex/latex/footmisc/footmisc.sty
Package: footmisc 2022/03/08 v6.0d a miscellany of footnote facilities
\FN@temptoken=\toks47
\footnotemargin=\dimen333
\@outputbox@depth=\dimen334
Package footmisc Info: Declaring symbol style bringhurst on input line 695.
Package footmisc Info: Declaring symbol style chicago on input line 703.
Package footmisc Info: Declaring symbol style wiley on input line 712.
Package footmisc Info: Declaring symbol style lamport-robust on input line 723.
Package footmisc Info: Declaring symbol style lamport* on input line 743.
Package footmisc Info: Declaring symbol style lamport*-robust on input line 764.
) (/usr/local/texlive/2023basic/texmf-dist/tex/latex/cleveref/cleveref.sty
Package: cleveref 2018/03/27 v0.21.4 Intelligent cross-referencing
Package cleveref Info: `hyperref' support loaded on input line 2370.
LaTeX Info: Redefining \cref on input line 2370.
LaTeX Info: Redefining \Cref on input line 2370.
LaTeX Info: Redefining \crefrange on input line 2370.
LaTeX Info: Redefining \Crefrange on input line 2370.
LaTeX Info: Redefining \cpageref on input line 2370.
LaTeX Info: Redefining \Cpageref on input line 2370.
LaTeX Info: Redefining \cpagerefrange on input line 2370.
LaTeX Info: Redefining \Cpagerefrange on input line 2370.
LaTeX Info: Redefining \labelcref on input line 2370.
LaTeX Info: Redefining \labelcpageref on input line 2370.
) (/usr/local/texlive/2023basic/texmf-dist/tex/latex/appendix/appendix.sty
Package: appendix 2020/02/08 v1.2c extra appendix facilities
\c@@pps=\count341
\c@@ppsavesec=\count342
\c@@ppsaveapp=\count343
) (/usr/local/texlive/2023basic/texmf-dist/tex/generic/nth/nth.sty
Package: nth 2002/02/27
) (/usr/local/texlive/2023basic/texmf-dist/tex/latex/arydshln/arydshln.sty
Package: arydshln 2019/02/21 v1.76 
\dashlinedash=\dimen335
\dashlinegap=\dimen336
\adl@box=\box82
\adl@height=\dimen337
\adl@heightsave=\dimen338
\adl@depth=\dimen339
\adl@depthsave=\dimen340
\adl@finaldepth=\dimen341
\adl@columns=\count344
\adl@ncol=\count345
\adl@currentcolumn=\count346
\adl@currentcolumnsave=\count347
\adl@totalheight=\count348
\adl@totalheightsave=\count349
\adl@dash=\count350
\adl@gap=\count351
\adl@cla=\count352
\adl@clb=\count353
\adl@everyvbox=\toks48
\adl@LTpagetotal=\dimen342
) (/usr/local/texlive/2023basic/texmf-dist/tex/latex/environ/environ.sty
Package: environ 2014/05/04 v0.3 A new way to define environments
) (/usr/local/texlive/2023basic/texmf-dist/tex/latex/tocloft/tocloft.sty
Package: tocloft 2017/08/31 v2.3i parameterised ToC, etc., typesetting
Package tocloft Info: The document has chapter divisions on input line 51.
\cftparskip=\skip102
\cftbeforetoctitleskip=\skip103
\cftaftertoctitleskip=\skip104
\cftbeforepartskip=\skip105
\cftpartnumwidth=\skip106
\cftpartindent=\skip107
\cftbeforechapskip=\skip108
\cftchapindent=\skip109
\cftchapnumwidth=\skip110
\cftbeforesecskip=\skip111
\cftsecindent=\skip112
\cftsecnumwidth=\skip113
\cftbeforesubsecskip=\skip114
\cftsubsecindent=\skip115
\cftsubsecnumwidth=\skip116
\cftbeforesubsubsecskip=\skip117
\cftsubsubsecindent=\skip118
\cftsubsubsecnumwidth=\skip119
\cftbeforeparaskip=\skip120
\cftparaindent=\skip121
\cftparanumwidth=\skip122
\cftbeforesubparaskip=\skip123
\cftsubparaindent=\skip124
\cftsubparanumwidth=\skip125
\cftbeforeloftitleskip=\skip126
\cftafterloftitleskip=\skip127
\cftbeforefigskip=\skip128
\cftfigindent=\skip129
\cftfignumwidth=\skip130
\cftbeforelottitleskip=\skip131
\cftafterlottitleskip=\skip132
\cftbeforetabskip=\skip133
\cfttabindent=\skip134
\cfttabnumwidth=\skip135
\cftbeforesubfigskip=\skip136
\cftsubfigindent=\skip137
\cftsubfignumwidth=\skip138
\cftbeforesubtabskip=\skip139
\cftsubtabindent=\skip140
\cftsubtabnumwidth=\skip141
) (/usr/local/texlive/2023basic/texmf-dist/tex/latex/acro/acro.sty
Package: acro 2022/04/01 v3.8 typeset acronyms and other abbreviations (CN)
\l__acro_tmpa_int=\count354
\l__acro_tmpb_int=\count355
\l__acro_tmpc_int=\count356
\l__acro_tmpd_int=\count357
Loading module `base' ...
Loading module `interface' ...
Loading module `aux' ...
Loading module `properties' ...
Loading module `acronyms' ...
Loading module `formatting' ...
Loading module `ppfixes' ...
Loading module `tools' ...
\l__acro_minimal_usage_int=\count358
\l__acro_nest_int=\count359
\g_acro_barrier_int=\count360
\g_acro_barrier_total_int=\count361
Loading module `commands' ...
\l_acro_nest_level_int=\count362
Loading module `templates' ...
Loading module `list' ...
Loading module `pages' ...
\l__acro_pages_seq_threshold_int=\count363
Loading module `locale' ...
 (/usr/local/texlive/2023basic/texmf-dist/tex/latex/translations/translations.sty
Package: translations 2022/02/05 v1.12 internationalization of LaTeX2e packages (CN)
)
Loading module `pdfsupport' ...
Loading module `patch' ...
Loading module `definitions' ...
Loading module `upgrade' ...
)
\c@g@acro@pa@int=\count364
\c@g@acro@oae@int=\count365
\c@g@acro@cdr@int=\count366
\c@g@acro@rf@int=\count367
\c@g@acro@esm@int=\count368
\c@g@acro@om@int=\count369
\c@g@acro@mld@int=\count370
\c@g@acro@pp@int=\count371
\c@g@acro@dic@int=\count372
\c@g@acro@foci@int=\count373
\c@g@acro@mops@int=\count374
\c@g@acro@ipcc@int=\count375
\c@g@acro@ghg@int=\count376
\c@g@acro@ssp@int=\count377
\c@g@acro@sst@int=\count378
\c@g@acro@ir@int=\count379
Package translations Info: No language package found. I am going to use `english' as default language. on input line 98.


LaTeX Warning: Unused global option(s):
    [onside].

(./main.aux)
\openout1 = `main.aux'.

LaTeX Font Info:    Checking defaults for OML/cmm/m/it on input line 98.
LaTeX Font Info:    ... okay on input line 98.
LaTeX Font Info:    Checking defaults for OMS/cmsy/m/n on input line 98.
LaTeX Font Info:    ... okay on input line 98.
LaTeX Font Info:    Checking defaults for OT1/cmr/m/n on input line 98.
LaTeX Font Info:    ... okay on input line 98.
LaTeX Font Info:    Checking defaults for T1/cmr/m/n on input line 98.
LaTeX Font Info:    ... okay on input line 98.
LaTeX Font Info:    Checking defaults for TS1/cmr/m/n on input line 98.
LaTeX Font Info:    ... okay on input line 98.
LaTeX Font Info:    Checking defaults for OMX/cmex/m/n on input line 98.
LaTeX Font Info:    ... okay on input line 98.
LaTeX Font Info:    Checking defaults for U/cmr/m/n on input line 98.
LaTeX Font Info:    ... okay on input line 98.
LaTeX Font Info:    Checking defaults for LGR/cmr/m/n on input line 98.
LaTeX Font Info:    Trying to load font information for LGR+cmr on input line 98.

No file LGRcmr.fd.

/Users/chiaraciscato/Desktop/geomar/geomarcode/thesis_report/main.tex:98: LaTeX Error: This NFSS system isn't set up properly.

See the LaTeX manual or LaTeX Companion for explanation.
Type  H <return>  for immediate help.
 ...                                              
                                                  
l.98 \begin{document}
                     
For encoding scheme LGR the defaults cmr/m/n do not form a valid font shape

LaTeX Font Info:    Checking defaults for PD1/pdf/m/n on input line 98.
LaTeX Font Info:    ... okay on input line 98.
LaTeX Font Info:    Checking defaults for PU/pdf/m/n on input line 98.
LaTeX Font Info:    ... okay on input line 98.
(/usr/local/texlive/2023basic/texmf-dist/tex/context/base/mkii/supp-pdf.mkii
[Loading MPS to PDF converter (version 2006.09.02).]
\scratchcounter=\count380
\scratchdimen=\dimen343
\scratchbox=\box83
\nofMPsegments=\count381
\nofMParguments=\count382
\everyMPshowfont=\toks49
\MPscratchCnt=\count383
\MPscratchDim=\dimen344
\MPnumerator=\count384
\makeMPintoPDFobject=\count385
\everyMPtoPDFconversion=\toks50
) (/usr/local/texlive/2023basic/texmf-dist/tex/latex/epstopdf-pkg/epstopdf-base.sty
Package: epstopdf-base 2020-01-24 v2.11 Base part for package epstopdf
Package epstopdf-base Info: Redefining graphics rule for `.eps' on input line 485.
 (/usr/local/texlive/2023basic/texmf-dist/tex/latex/latexconfig/epstopdf-sys.cfg
File: epstopdf-sys.cfg 2010/07/13 v1.3 Configuration of (r)epstopdf for TeX Live
))
\symgns@font=\mathgroup6
LaTeX Font Info:    Overwriting symbol font `gns@font' in version `bold'
(Font)                  TS1/cmr/m/n --> TS1/cmr/b/n on input line 98.
Package gensymb Info: Math companion symbols declared on input line 98.
LaTeX Info: Redefining \degree on input line 98.
LaTeX Info: Redefining \celsius on input line 98.
Package gensymb Info: Using text companion symbols for \degree, \celsius and \perthousand on input line 98.
LaTeX Info: Redefining \ohm on input line 98.
Package gensymb Info: Using \textohm for \ohm on input line 98.
Package gensymb Info: Using \textmu for \micro on input line 98.
Package caption Info: Begin \AtBeginDocument code.
Package caption Info: hyperref package is loaded.
Package caption Info: subfigure package is loaded.
Package caption Info: End \AtBeginDocument code.
Package backref Info: ** backref set up for natbib ** on input line 98.
Package hyperref Info: Link coloring OFF on input line 98.
 (./main.out) (./main.out)
\@outlinefile=\write5
\openout5 = `main.out'.


*geometry* driver: auto-detecting
*geometry* detected driver: pdftex
*geometry* verbose mode - [ preamble ] result:
* driver: pdftex
* paper: a4paper
* layout: <same size as paper>
* layoutoffset:(h,v)=(0.0pt,0.0pt)
* modes: 
* h-part:(L,W,R)=(85.35826pt, 426.79135pt, 85.35826pt)
* v-part:(T,H,B)=(56.9055pt, 674.33032pt, 113.81102pt)
* \paperwidth=597.50787pt
* \paperheight=845.04684pt
* \textwidth=426.79135pt
* \textheight=674.33032pt
* \oddsidemargin=13.08827pt
* \evensidemargin=13.08827pt
* \topmargin=-15.36449pt
* \headheight=0.0pt
* \headsep=0.0pt
* \topskip=12.0pt
* \footskip=30.0pt
* \marginparwidth=35.0pt
* \marginparsep=10.0pt
* \columnsep=10.0pt
* \skip\footins=10.8pt plus 4.0pt minus 2.0pt
* \hoffset=0.0pt
* \voffset=0.0pt
* \mag=1000
* \@twocolumnfalse
* \@twosidefalse
* \@mparswitchfalse
* \@reversemarginfalse
* (1in=72.27pt=25.4mm, 1cm=28.453pt)

(/usr/local/texlive/2023basic/texmf-dist/tex/latex/translations/translations-basic-dictionary-english.trsl
File: translations-basic-dictionary-english.trsl (english translation file `translations-basic-dictionary')
)
Package translations Info: loading dictionary `translations-basic-dictionary' for `english'. on input line 98.
\c@rom=\count386
 (./tex/1_Title.tex

LaTeX Font Warning: Font shape `OT1/cmr/bx/sc' undefined
(Font)              using `OT1/cmr/bx/n' instead on input line 6.

LaTeX Font Info:    Trying to load font information for U+msa on input line 6.
(/usr/local/texlive/2023basic/texmf-dist/tex/latex/amsfonts/umsa.fd
File: umsa.fd 2013/01/14 v3.01 AMS symbols A
)
LaTeX Font Info:    Trying to load font information for U+msb on input line 6.
 (/usr/local/texlive/2023basic/texmf-dist/tex/latex/amsfonts/umsb.fd
File: umsb.fd 2013/01/14 v3.01 AMS symbols B
) [1

{/usr/local/texlive/2023basic/texmf-var/fonts/map/pdftex/updmap/pdftex.map}])
pdfTeX warning (ext4): destination with the same identifier (name{page.i}) has been already used, duplicate ignored
<to be read again> 
                   \relax 
l.109 \newpage
               [1] [2]
pdfTeX warning (ext4): destination with the same identifier (name{page.i}) has been already used, duplicate ignored
<to be read again> 
                   \relax 
l.121 \end{abstract}
                     [1] (./main.toc)
\tf@toc=\write6
\openout6 = `main.toc'.


pdfTeX warning (ext4): destination with the same identifier (name{page.i}) has been already used, duplicate ignored
<to be read again> 
                   \relax 
l.128 \listoffigures
                     [1

]
pdfTeX warning (ext4): destination with the same identifier (name{page.ii}) has been already used, duplicate ignored
<to be read again> 
                   \relax 
l.128 \listoffigures
                     [2] (./main.lof)
\tf@lof=\write7
\openout7 = `main.lof'.

 [3

] (./main.lot)
\tf@lot=\write8
\openout8 = `main.lot'.

 [4

] [5

] [6] (./tex/2_Introduction.tex
Chapter 1.

Package natbib Warning: Citation `trenberth2018climate' on page 1 undefined on input line 3.


Package natbib Warning: Citation `change2014impacts' on page 1 undefined on input line 3.


Package natbib Warning: Citation `lawrence2018evaluating' on page 1 undefined on input line 5.


Package natbib Warning: Citation `IPCC_2022_WGIII_SPM' on page 1 undefined on input line 5.

[1


]

Package natbib Warning: Citation `IPCC_2022_WGIII_SPM' on page 2 undefined on input line 15.


Package natbib Warning: Citation `shukla2022summary' on page 2 undefined on input line 15.


Package natbib Warning: Citation `fakhraee2022environmental' on page 2 undefined on input line 15.


Package natbib Warning: Citation `he2022limits' on page 2 undefined on input line 15.


Package natbib Warning: Citation `thomas2009enhanced' on page 2 undefined on input line 15.


Package natbib Warning: Citation `fassbender2022quantifying' on page 2 undefined on input line 17.


Package natbib Warning: Citation `kwiatkowski2022modified' on page 2 undefined on input line 17.


Package natbib Warning: Citation `sasse2015quantifying' on page 2 undefined on input line 17.


Package natbib Warning: Citation `rustogi2023impact' on page 2 undefined on input line 17.


Package natbib Warning: Citation `salt2013variability' on page 2 undefined on input line 17.

[2]

Package natbib Warning: Citation `schwinger2022report' on page 3 undefined on input line 28.


Package natbib Warning: Citation `schwinger2022report' on page 3 undefined on input line 28.

[3]
Chapter 2.

Package natbib Warning: Citation `pires2011recent' on page 4 undefined on input line 34.


Package natbib Warning: Citation `keller2018effects' on page 4 undefined on input line 34.


Package natbib Warning: Citation `terlouw2021life' on page 4 undefined on input line 36.


Package natbib Warning: Citation `kheshgi1995sequestering' on page 4 undefined on input line 36.


Package natbib Warning: Citation `preston2013ethics' on page 4 undefined on input line 36.


Package natbib Warning: Citation `honegger2021paying' on page 4 undefined on input line 36.


Package natbib Warning: Citation `boettcher2021navigating' on page 4 undefined on input line 38.


Package natbib Warning: Citation `NAP26278' on page 4 undefined on input line 38.

[4

]

Package natbib Warning: Citation `ma2015primary' on page 5 undefined on input line 44.


Package natbib Warning: Citation `wang2023simulated' on page 5 undefined on input line 44.


Package natbib Warning: Citation `butenschon2021alkalinization' on page 5 undefined on input line 46.


Package natbib Warning: Citation `friedlingstein2022global' on page 5 undefined on input line 46.


Package natbib Warning: Citation `friedlingstein2022global' on page 5 undefined on input line 46.


Package natbib Warning: Citation `scott2019role' on page 5 undefined on input line 46.


Package natbib Warning: Citation `archer2009atmospheric' on page 5 undefined on input line 46.


Package natbib Warning: Citation `marchitto2007paleoceanography' on page 5 undefined on input line 48.

[5]

Package natbib Warning: Citation `watson2017quantifying' on page 6 undefined on input line 71.


Package natbib Warning: Citation `lenton2012observed' on page 6 undefined on input line 73.


Package natbib Warning: Citation `chikamoto2023long' on page 6 undefined on input line 73.


Package natbib Warning: Citation `fassbender2022quantifying' on page 6 undefined on input line 73.


Package natbib Warning: Citation `kheshgi1995sequestering' on page 6 undefined on input line 73.


Package natbib Warning: Citation `heinze2015ocean' on page 6 undefined on input line 77.

[6]

Package natbib Warning: Citation `devries2022ocean' on page 7 undefined on input line 79.


Package natbib Warning: Citation `wolf2007total' on page 7 undefined on input line 83.


Package natbib Warning: Citation `middelburg2020ocean' on page 7 undefined on input line 83.


Package natbib Warning: Citation `reid2009impacts' on page 7 undefined on input line 94.

[7]

Package natbib Warning: Citation `archer2009atmospheric' on page 8 undefined on input line 98.


Package natbib Warning: Citation `kheshgi1995sequestering' on page 8 undefined on input line 100.


Package natbib Warning: Citation `NAP26278' on page 8 undefined on input line 100.


Package natbib Warning: Citation `bach2019co2' on page 8 undefined on input line 102.


Package natbib Warning: Citation `taylor2016enhanced' on page 8 undefined on input line 102.


Package natbib Warning: Citation `renforth2017assessing' on page 8 undefined on input line 102.


Package natbib Warning: Citation `zhang2022river' on page 8 undefined on input line 102.

<fig/1_Introduction/alkalinization_210325.jpg, id=294, 2629.825pt x 1405.25pt>
File: fig/1_Introduction/alkalinization_210325.jpg Graphic file (type jpg)
<use fig/1_Introduction/alkalinization_210325.jpg>
Package pdftex.def Info: fig/1_Introduction/alkalinization_210325.jpg  used on input line 108.
(pdftex.def)             Requested size: 341.43306pt x 182.4316pt.
[8]

Package natbib Warning: Citation `rau2008electrochemical' on page 9 undefined on input line 115.


Package natbib Warning: Citation `shaw2022understanding' on page 9 undefined on input line 115.


Package natbib Warning: Citation `NAP26278' on page 9 undefined on input line 131.


Package natbib Warning: Citation `he2022limits' on page 9 undefined on input line 135.


Overfull \hbox (13.79594pt too wide) in paragraph at lines 135--136
\OT1/cmr/m/n/12 OAE[] in-duces ocean pCO[] to de-crease as sea-wa-ter chem-istry moves to-wards a carbonate-
 []

[9 <./fig/1_Introduction/alkalinization_210325.jpg>]

Package natbib Warning: Citation `devries2022ocean' on page 10 undefined on input line 137.


Package natbib Warning: Citation `renforth2017assessing' on page 10 undefined on input line 137.


Package natbib Warning: Citation `mcneil2019changing' on page 10 undefined on input line 137.


Package natbib Warning: Citation `egleston2010revelle' on page 10 undefined on input line 137.


Package natbib Warning: Citation `jones2014spatial' on page 10 undefined on input line 139.


Package natbib Warning: Citation `jones2014spatial' on page 10 undefined on input line 150.


Package natbib Warning: Citation `ma2015primary' on page 10 undefined on input line 152.


Package natbib Warning: Citation `devries2022ocean' on page 10 undefined on input line 152.

<fig/1_Introduction/Carbonate_Chemistry.png, id=313, 150.8034pt x 135.6267pt>
File: fig/1_Introduction/Carbonate_Chemistry.png Graphic file (type png)
<use fig/1_Introduction/Carbonate_Chemistry.png>
Package pdftex.def Info: fig/1_Introduction/Carbonate_Chemistry.png  used on input line 158.
(pdftex.def)             Requested size: 284.52756pt x 255.9281pt.

Package natbib Warning: Citation `barker2012ocean' on page 10 undefined on input line 160.

[10]

Package natbib Warning: Citation `scott2019role' on page 11 undefined on input line 165.


Package natbib Warning: Citation `barker2012ocean' on page 11 undefined on input line 165.


Package natbib Warning: Citation `mcnicholl2020ocean' on page 11 undefined on input line 165.


Package natbib Warning: Citation `kheshgi1995sequestering' on page 11 undefined on input line 169.


Package natbib Warning: Citation `NAP26278' on page 11 undefined on input line 169.

[11 <./fig/1_Introduction/Carbonate_Chemistry.png>]

Package natbib Warning: Citation `wang2023simulated' on page 12 undefined on input line 171.


Package natbib Warning: Citation `he2022limits' on page 12 undefined on input line 171.


Package natbib Warning: Citation `NAP26278' on page 12 undefined on input line 171.


Package natbib Warning: Citation `renforth2017assessing' on page 12 undefined on input line 173.


Package natbib Warning: Citation `cripps2013biological' on page 12 undefined on input line 173.


Package natbib Warning: Citation `NAP26278' on page 12 undefined on input line 175.


Package natbib Warning: Citation `de1984ph' on page 12 undefined on input line 175.


Package natbib Warning: Citation `ho2023chapter' on page 12 undefined on input line 177.


Package natbib Warning: Citation `NAP26278' on page 12 undefined on input line 177.


Package natbib Warning: Citation `rodgers2023seasonal' on page 12 undefined on input line 181.


Package natbib Warning: Citation `fassbender2022quantifying' on page 12 undefined on input line 181.


Package natbib Warning: Citation `lerner2021drivers' on page 12 undefined on input line 181.


Package natbib Warning: Citation `landschutzer2018strengthening' on page 12 undefined on input line 181.


Package natbib Warning: Citation `kwiatkowski2018diverging' on page 12 undefined on input line 181.


Package natbib Warning: Citation `landschutzer2018strengthening' on page 12 undefined on input line 181.


Package natbib Warning: Citation `mcneil2019changing' on page 12 undefined on input line 181.


Package natbib Warning: Citation `landschutzer2018strengthening' on page 12 undefined on input line 181.


Package natbib Warning: Citation `egleston2010revelle' on page 12 undefined on input line 181.

[12]

Package natbib Warning: Citation `williams2011ocean' on page 13 undefined on input line 183.


Package natbib Warning: Citation `lerner2021drivers' on page 13 undefined on input line 185.


Package natbib Warning: Citation `takahashi2002global' on page 13 undefined on input line 185.


Package natbib Warning: Citation `sarmiento2006ocean' on page 13 undefined on input line 185.


Package natbib Warning: Citation `mcneil2019changing' on page 13 undefined on input line 185.


Package natbib Warning: Citation `gallego2018drivers' on page 13 undefined on input line 185.


Package natbib Warning: Citation `sarmiento2006ocean' on page 13 undefined on input line 185.


Package natbib Warning: Citation `fassbender2017nonuniform' on page 13 undefined on input line 185.


Package natbib Warning: Citation `gallego2018drivers' on page 13 undefined on input line 187.


Package natbib Warning: Citation `takahashi2002global' on page 13 undefined on input line 187.


Package natbib Warning: Citation `yun2022enhance' on page 13 undefined on input line 187.


Package natbib Warning: Citation `lerner2021drivers' on page 13 undefined on input line 187.


Package natbib Warning: Citation `egleston2010revelle' on page 13 undefined on input line 189.


Package natbib Warning: Citation `fassbender2018seasonal' on page 13 undefined on input line 189.


Package natbib Warning: Citation `yun2022enhance' on page 13 undefined on input line 193.


Package natbib Warning: Citation `schwinger2022report' on page 13 undefined on input line 193.


Package natbib Warning: Citation `gallego2018drivers' on page 13 undefined on input line 193.

[13]

Package natbib Warning: Citation `liu2017seasonal' on page 14 undefined on input line 195.


Package natbib Warning: Citation `fassbender2022quantifying' on page 14 undefined on input line 197.


Package natbib Warning: Citation `kwiatkowski2022modified' on page 14 undefined on input line 199.


Package natbib Warning: Citation `kwiatkowski2018diverging' on page 14 undefined on input line 199.

[14]

Package natbib Warning: Citation `prowe2009mechanisms' on page 15 undefined on input line 205.


Package natbib Warning: Citation `borges2006carbon' on page 15 undefined on input line 205.


Package natbib Warning: Citation `omar2010spatiotemporal' on page 15 undefined on input line 205.


Package natbib Warning: Citation `thomas2004enhanced' on page 15 undefined on input line 205.


Package natbib Warning: Citation `salt2013variability' on page 15 undefined on input line 205.


Package natbib Warning: Citation `bozec2005continental' on page 15 undefined on input line 205.


Package natbib Warning: Citation `thomas2004enhanced' on page 15 undefined on input line 205.


Package natbib Warning: Citation `salt2013variability' on page 15 undefined on input line 207.


Package natbib Warning: Citation `prowe2009mechanisms' on page 15 undefined on input line 207.


Package natbib Warning: Citation `prowe2009mechanisms' on page 15 undefined on input line 207.

<fig/1_Introduction/dsmw.png, id=343, 1429.7415pt x 448.5558pt>
File: fig/1_Introduction/dsmw.png Graphic file (type png)
<use fig/1_Introduction/dsmw.png>
Package pdftex.def Info: fig/1_Introduction/dsmw.png  used on input line 213.
(pdftex.def)             Requested size: 426.79134pt x 133.89702pt.

Package natbib Warning: Citation `thomas2009enhanced' on page 15 undefined on input line 217.


Package natbib Warning: Citation `salt2013variability' on page 15 undefined on input line 217.


Package natbib Warning: Citation `prowe2009mechanisms' on page 15 undefined on input line 217.


Package natbib Warning: Citation `thomas2004enhanced' on page 15 undefined on input line 217.


Package natbib Warning: Citation `artioli2012carbonate' on page 15 undefined on input line 217.


Package natbib Warning: Citation `prowe2009mechanisms' on page 15 undefined on input line 217.

[15 <./fig/1_Introduction/dsmw.png>]

Package natbib Warning: Citation `thomas2004enhanced' on page 16 undefined on input line 219.


Package natbib Warning: Citation `omar2010spatiotemporal' on page 16 undefined on input line 221.


Package natbib Warning: Citation `thomas2009enhanced' on page 16 undefined on input line 221.


Package natbib Warning: Citation `schwichtenberg2013drivers' on page 16 undefined on input line 223.


Package natbib Warning: Citation `salt2013variability' on page 16 undefined on input line 225.


Package natbib Warning: Citation `thomas2004enhanced' on page 16 undefined on input line 225.


Package natbib Warning: Citation `thomas2009enhanced' on page 16 undefined on input line 225.

) [16] (./tex/3_Methods.tex
Chapter 3.

Package natbib Warning: Citation `chien2022foci' on page 17 undefined on input line 9.


Package natbib Warning: Citation `chien2022foci' on page 17 undefined on input line 9.

<fig/1_Introduction/foci-mops.png, id=358, 2074.75125pt x 1384.17125pt>
File: fig/1_Introduction/foci-mops.png Graphic file (type png)
<use fig/1_Introduction/foci-mops.png>
Package pdftex.def Info: fig/1_Introduction/foci-mops.png  used on input line 15.
(pdftex.def)             Requested size: 341.43306pt x 227.78702pt.

Package natbib Warning: Citation `chien2022foci' on page 17 undefined on input line 17.

[17


]

Package natbib Warning: Citation `chen2021quantifying' on page 18 undefined on input line 20.


Package natbib Warning: Citation `o2016scenario' on page 18 undefined on input line 22.


Package natbib Warning: Citation `chien2022foci' on page 18 undefined on input line 24.

[18 <./fig/1_Introduction/foci-mops.png>]
<fig/2_Methods/mesh_mask_area.png, id=371, 333.4056pt x 325.4559pt>
File: fig/2_Methods/mesh_mask_area.png Graphic file (type png)
<use fig/2_Methods/mesh_mask_area.png>
Package pdftex.def Info: fig/2_Methods/mesh_mask_area.png  used on input line 39.
(pdftex.def)             Requested size: 284.52756pt x 277.76611pt.


Package natbib Warning: Citation `chien2022foci' on page 19 undefined on input line 54.

[19 <./fig/2_Methods/mesh_mask_area.png>]

Package natbib Warning: Citation `chien2022foci' on page 20 undefined on input line 67.

<fig/2_Methods/mesh_mask_point.png, id=383, 725.3499pt x 325.4559pt>
File: fig/2_Methods/mesh_mask_point.png Graphic file (type png)
<use fig/2_Methods/mesh_mask_point.png>
Package pdftex.def Info: fig/2_Methods/mesh_mask_point.png  used on input line 79.
(pdftex.def)             Requested size: 426.79134pt x 191.49588pt.

Package natbib Warning: Citation `wang2023simulated' on page 20 undefined on input line 83.

[20 <./fig/2_Methods/mesh_mask_point.png>]

Package natbib Warning: Citation `matthes2020flexible' on page 21 undefined on input line 89.


Package natbib Warning: Citation `jo2022future' on page 21 undefined on input line 93.

[21] [22]) [23] (./tex/4_Results.tex
Chapter 4.

Overfull \hbox (6.85518pt too wide) in paragraph at lines 24--25
[][] 
 []


Overfull \hbox (6.85518pt too wide) in paragraph at lines 47--48
[][] 
 []

[24


]
<fig/3_Results/Alkalinity/alkalinity.png, id=409, 1148.8521pt x 517.2123pt>
File: fig/3_Results/Alkalinity/alkalinity.png Graphic file (type png)
<use fig/3_Results/Alkalinity/alkalinity.png>
Package pdftex.def Info: fig/3_Results/Alkalinity/alkalinity.png  used on input line 58.
(pdftex.def)             Requested size: 426.79134pt x 192.13896pt.
 [25 <./fig/3_Results/Alkalinity/alkalinity.png>]
<fig/3_Results/Alkalinity/EUAlk_depthprof.png, id=420, 1222.8084pt x 439.1607pt>
File: fig/3_Results/Alkalinity/EUAlk_depthprof.png Graphic file (type png)
<use fig/3_Results/Alkalinity/EUAlk_depthprof.png>
Package pdftex.def Info: fig/3_Results/Alkalinity/EUAlk_depthprof.png  used on input line 70.
(pdftex.def)             Requested size: 426.79134pt x 153.27968pt.
<fig/3_Results/Alkalinity/alkalinity_ampl.png, id=423, 1172.2194pt x 774.7344pt>
File: fig/3_Results/Alkalinity/alkalinity_ampl.png Graphic file (type png)
<use fig/3_Results/Alkalinity/alkalinity_ampl.png>
Package pdftex.def Info: fig/3_Results/Alkalinity/alkalinity_ampl.png  used on input line 80.
(pdftex.def)             Requested size: 426.79134pt x 282.07233pt.
 [26 <./fig/3_Results/Alkalinity/EUAlk_depthprof.png>]
<fig/3_Results/pH/ph.png, id=431, 1143.3114pt x 574.7874pt>
File: fig/3_Results/pH/ph.png Graphic file (type png)
<use fig/3_Results/pH/ph.png>
Package pdftex.def Info: fig/3_Results/pH/ph.png  used on input line 92.
(pdftex.def)             Requested size: 426.79134pt x 214.56244pt.
 [27 <./fig/3_Results/Alkalinity/alkalinity_ampl.png>]
<fig/3_Results/pH/ph_ampl.png, id=441, 1163.3061pt x 772.0845pt>
File: fig/3_Results/pH/ph_ampl.png Graphic file (type png)
<use fig/3_Results/pH/ph_ampl.png>
Package pdftex.def Info: fig/3_Results/pH/ph_ampl.png  used on input line 104.
(pdftex.def)             Requested size: 426.79134pt x 283.26346pt.
 [28 <./fig/3_Results/pH/ph.png>]
<fig/3_Results/DIC/dic.png, id=450, 1147.8885pt x 517.2123pt>
File: fig/3_Results/DIC/dic.png Graphic file (type png)
<use fig/3_Results/DIC/dic.png>
Package pdftex.def Info: fig/3_Results/DIC/dic.png  used on input line 116.
(pdftex.def)             Requested size: 426.79134pt x 192.2968pt.
 [29 <./fig/3_Results/pH/ph_ampl.png>]
<fig/3_Results/DIC/dic_amplitude.png, id=458, 1172.2194pt x 773.7708pt>
File: fig/3_Results/DIC/dic_amplitude.png Graphic file (type png)
<use fig/3_Results/DIC/dic_amplitude.png>
Package pdftex.def Info: fig/3_Results/DIC/dic_amplitude.png  used on input line 128.
(pdftex.def)             Requested size: 426.79134pt x 281.7215pt.
 [30 <./fig/3_Results/DIC/dic.png>]
<fig/3_Results/pCO2/fco2.png, id=465, 1142.3478pt x 574.7874pt>
File: fig/3_Results/pCO2/fco2.png Graphic file (type png)
<use fig/3_Results/pCO2/fco2.png>
Package pdftex.def Info: fig/3_Results/pCO2/fco2.png  used on input line 140.
(pdftex.def)             Requested size: 426.79134pt x 214.73785pt.
 [31 <./fig/3_Results/DIC/dic_amplitude.png>] [32 <./fig/3_Results/pCO2/fco2.png>]
<fig/3_Results/pCO2/fco2_ampl.png, id=480, 1172.2194pt x 773.0481pt>
File: fig/3_Results/pCO2/fco2_ampl.png Graphic file (type png)
<use fig/3_Results/pCO2/fco2_ampl.png>
Package pdftex.def Info: fig/3_Results/pCO2/fco2_ampl.png  used on input line 152.
(pdftex.def)             Requested size: 426.79134pt x 281.45836pt.
<fig/3_Results/CO2flux/co2flux.png, id=483, 1137.5298pt x 517.2123pt>
File: fig/3_Results/CO2flux/co2flux.png Graphic file (type png)
<use fig/3_Results/CO2flux/co2flux.png>
Package pdftex.def Info: fig/3_Results/CO2flux/co2flux.png  used on input line 164.
(pdftex.def)             Requested size: 426.79134pt x 194.05672pt.
 [33 <./fig/3_Results/pCO2/fco2_ampl.png>] [34 <./fig/3_Results/CO2flux/co2flux.png>]
<fig/3_Results/CO2flux/co2flux_ampl.png, id=497, 1169.3286pt x 774.7344pt>
File: fig/3_Results/CO2flux/co2flux_ampl.png Graphic file (type png)
<use fig/3_Results/CO2flux/co2flux_ampl.png>
Package pdftex.def Info: fig/3_Results/CO2flux/co2flux_ampl.png  used on input line 176.
(pdftex.def)             Requested size: 426.79134pt x 282.76979pt.
<fig/3_Results/CO2flux/Cgt.png, id=500, 870.8535pt x 451.2057pt>
File: fig/3_Results/CO2flux/Cgt.png Graphic file (type png)
<use fig/3_Results/CO2flux/Cgt.png>
Package pdftex.def Info: fig/3_Results/CO2flux/Cgt.png  used on input line 188.
(pdftex.def)             Requested size: 426.79134pt x 221.12715pt.
 [35 <./fig/3_Results/CO2flux/co2flux_ampl.png>]

Package natbib Warning: Citation `NAP26278' on page 36 undefined on input line 192.

) [36 <./fig/3_Results/CO2flux/Cgt.png>] (./tex/5_Discussion.tex
Chapter 5.

Package natbib Warning: Citation `wang2023simulated' on page 37 undefined on input line 7.


Package natbib Warning: Citation `wang2023simulated' on page 37 undefined on input line 9.

[37


]

Package natbib Warning: Citation `schwinger2022report' on page 38 undefined on input line 19.


Package natbib Warning: Citation `lerner2021drivers' on page 38 undefined on input line 19.


Package natbib Warning: Citation `schwinger2022report' on page 38 undefined on input line 21.

[38]

Package natbib Warning: Citation `kwiatkowski2022modified' on page 39 undefined on input line 25.


Package natbib Warning: Citation `kwiatkowski2018diverging' on page 39 undefined on input line 25.


Package natbib Warning: Citation `rodgers2023seasonal' on page 39 undefined on input line 29.


Package natbib Warning: Citation `salt2013variability' on page 39 undefined on input line 29.


Package natbib Warning: Citation `prowe2009mechanisms' on page 39 undefined on input line 29.


Package natbib Warning: Citation `lenton2018assessing' on page 39 undefined on input line 29.


Package natbib Warning: Citation `jones2014spatial' on page 39 undefined on input line 31.


Package natbib Warning: Citation `wang2023simulated' on page 39 undefined on input line 31.


Package natbib Warning: Citation `jones2014spatial' on page 39 undefined on input line 31.


Package natbib Warning: Citation `wang2023simulated' on page 39 undefined on input line 31.


Package natbib Warning: Citation `jones2014spatial' on page 39 undefined on input line 31.


Package natbib Warning: Citation `fassbender2018seasonal' on page 39 undefined on input line 33.


Package natbib Warning: Citation `fassbender2018seasonal' on page 39 undefined on input line 33.

[39]

Package natbib Warning: Citation `lenton2018assessing' on page 40 undefined on input line 35.


Package natbib Warning: Citation `lenton2018assessing' on page 40 undefined on input line 37.

) [40] (./tex/6_Conclusions.tex
Chapter 6.

Package natbib Warning: Citation `jones2014spatial' on page 41 undefined on input line 7.


Package natbib Warning: Citation `lenton2018assessing' on page 41 undefined on input line 9.

[41


]

Package natbib Warning: Citation `thomas2009enhanced' on page 42 undefined on input line 11.


Package natbib Warning: Citation `schwinger2022report' on page 42 undefined on input line 13.


Package natbib Warning: Citation `fassbender2022quantifying' on page 42 undefined on input line 13.


Package natbib Warning: Citation `jones2014spatial' on page 42 undefined on input line 13.


Package natbib Warning: Citation `jo2022future' on page 42 undefined on input line 13.


Package natbib Warning: Citation `jones2014spatial' on page 42 undefined on input line 13.

) [42] [43]
No file main.bbl.

Package natbib Warning: There were undefined citations.

[44


] (./main.aux)

LaTeX Font Warning: Some font shapes were not available, defaults substituted.


LaTeX Warning: Label(s) may have changed. Rerun to get cross-references right.

Package rerunfilecheck Info: File `main.out' has not changed.
(rerunfilecheck)             Checksum: 65E3A9FF36266E53164B19AA16C4FE61;5061.
 ) 
Here is how much of TeX's memory you used:
 36636 strings out of 477476
 777355 string characters out of 5824245
 1870388 words of memory out of 5000000
 56130 multiletter control sequences out of 15000+600000
 533639 words of font info for 109 fonts, out of 8000000 for 9000
 319 hyphenation exceptions out of 8191
 94i,16n,94p,1721b,659s stack positions out of 10000i,1000n,20000p,200000b,200000s
 </Users/chiaraciscato/Library/texlive/2023basic/texmf-var/fonts/pk/ljfour/jknappen/ec/tcrm1095.600pk> </Users/chiaraciscato/Library/texlive/2023basic/texmf-var/fonts/pk/ljfour/jknappen/ec/tcrm1200.600pk></usr/local/texlive/2023basic/texmf-dist/fonts/type1/public/amsfonts/cm/cmbx10.pfb></usr/local/texlive/2023basic/texmf-dist/fonts/type1/public/amsfonts/cm/cmbx12.pfb></usr/local/texlive/2023basic/texmf-dist/fonts/type1/public/amsfonts/cm/cmbx8.pfb></usr/local/texlive/2023basic/texmf-dist/fonts/type1/public/amsfonts/cm/cmmi12.pfb></usr/local/texlive/2023basic/texmf-dist/fonts/type1/public/amsfonts/cm/cmmi8.pfb></usr/local/texlive/2023basic/texmf-dist/fonts/type1/public/amsfonts/cm/cmr10.pfb></usr/local/texlive/2023basic/texmf-dist/fonts/type1/public/amsfonts/cm/cmr12.pfb></usr/local/texlive/2023basic/texmf-dist/fonts/type1/public/amsfonts/cm/cmr17.pfb></usr/local/texlive/2023basic/texmf-dist/fonts/type1/public/amsfonts/cm/cmr6.pfb></usr/local/texlive/2023basic/texmf-dist/fonts/type1/public/amsfonts/cm/cmr8.pfb></usr/local/texlive/2023basic/texmf-dist/fonts/type1/public/amsfonts/cm/cmsy10.pfb>
Output written on main.pdf (54 pages, 9788214 bytes).
PDF statistics:
 643 PDF objects out of 1000 (max. 8388607)
 519 compressed objects within 6 object streams
 118 named destinations out of 1000 (max. 500000)
 343 words of extra memory for PDF output out of 10000 (max. 10000000)

